<?xml version="1.0" encoding="UTF-8"?>
<testsuite name="memoapp.AppTest" tests="1" skipped="0" failures="0" errors="0" timestamp="2025-08-06T14:14:35" hostname="MacBook-Pro-2.local" time="0.4">
  <properties/>
  <testcase name="contextLoads()" classname="memoapp.AppTest" time="0.4"/>
  <system-out><![CDATA[23:14:33.766 [Test worker] INFO org.springframework.test.context.support.AnnotationConfigContextLoaderUtils -- Could not detect default configuration classes for test class [memoapp.AppTest]: AppTest does not declare any static, non-private, non-final, nested classes annotated with @Configuration.
23:14:33.818 [Test worker] INFO org.springframework.boot.test.context.SpringBootTestContextBootstrapper -- Found @SpringBootConfiguration memoapp.App for test class memoapp.AppTest

  .   ____          _            __ _ _
 /\\ / ___'_ __ _ _(_)_ __  __ _ \ \ \ \
( ( )\___ | '_ | '_| | '_ \/ _` | \ \ \ \
 \\/  ___)| |_)| | | | | || (_| |  ) ) ) )
  '  |____| .__|_| |_|_| |_\__, | / / / /
 =========|_|==============|___/=/_/_/_/
 :: Spring Boot ::                (v3.2.2)

2025-08-06T23:14:34.028+09:00  INFO 30150 --- [memo-app] [    Test worker] memoapp.AppTest                          : Starting AppTest using Java 21.0.4 with PID 30150 (started by voluongbang in /Users/voluongbang/Programing/Java_Learning/MemoApp/MemoApp_Backend/app)
2025-08-06T23:14:34.029+09:00  INFO 30150 --- [memo-app] [    Test worker] memoapp.AppTest                          : No active profile set, falling back to 1 default profile: "default"
2025-08-06T23:14:34.042+09:00 DEBUG 30150 --- [memo-app] [    Test worker] o.s.w.c.s.GenericWebApplicationContext   : Refreshing org.springframework.web.context.support.GenericWebApplicationContext@221dad51
2025-08-06T23:14:34.336+09:00  INFO 30150 --- [memo-app] [    Test worker] .s.d.r.c.RepositoryConfigurationDelegate : Bootstrapping Spring Data JPA repositories in DEFAULT mode.
2025-08-06T23:14:34.363+09:00  INFO 30150 --- [memo-app] [    Test worker] .s.d.r.c.RepositoryConfigurationDelegate : Finished Spring Data repository scanning in 23 ms. Found 1 JPA repository interface.
2025-08-06T23:14:34.589+09:00  INFO 30150 --- [memo-app] [    Test worker] o.hibernate.jpa.internal.util.LogHelper  : HHH000204: Processing PersistenceUnitInfo [name: default]
2025-08-06T23:14:34.615+09:00  INFO 30150 --- [memo-app] [    Test worker] org.hibernate.Version                    : HHH000412: Hibernate ORM core version 6.4.1.Final
2025-08-06T23:14:34.632+09:00  INFO 30150 --- [memo-app] [    Test worker] o.h.c.internal.RegionFactoryInitiator    : HHH000026: Second-level cache disabled
2025-08-06T23:14:34.739+09:00  INFO 30150 --- [memo-app] [    Test worker] o.s.o.j.p.SpringPersistenceUnitInfo      : No LoadTimeWeaver setup: ignoring JPA class transformer
2025-08-06T23:14:34.752+09:00  INFO 30150 --- [memo-app] [    Test worker] com.zaxxer.hikari.HikariDataSource       : HikariPool-1 - Starting...
2025-08-06T23:14:34.897+09:00  INFO 30150 --- [memo-app] [    Test worker] com.zaxxer.hikari.pool.HikariPool        : HikariPool-1 - Added connection org.postgresql.jdbc.PgConnection@2acca224
2025-08-06T23:14:34.898+09:00  INFO 30150 --- [memo-app] [    Test worker] com.zaxxer.hikari.HikariDataSource       : HikariPool-1 - Start completed.
2025-08-06T23:14:34.928+09:00  WARN 30150 --- [memo-app] [    Test worker] org.hibernate.orm.deprecation            : HHH90000025: PostgreSQLDialect does not need to be specified explicitly using 'hibernate.dialect' (remove the property setting and it will be selected by default)
2025-08-06T23:14:35.371+09:00  INFO 30150 --- [memo-app] [    Test worker] o.h.e.t.j.p.i.JtaPlatformInitiator       : HHH000489: No JTA platform available (set 'hibernate.transaction.jta.platform' to enable JTA platform integration)
2025-08-06T23:14:35.415+09:00  INFO 30150 --- [memo-app] [    Test worker] j.LocalContainerEntityManagerFactoryBean : Initialized JPA EntityManagerFactory for persistence unit 'default'
2025-08-06T23:14:35.623+09:00  WARN 30150 --- [memo-app] [    Test worker] JpaBaseConfiguration$JpaWebConfiguration : spring.jpa.open-in-view is enabled by default. Therefore, database queries may be performed during view rendering. Explicitly configure spring.jpa.open-in-view to disable this warning
2025-08-06T23:14:35.672+09:00 DEBUG 30150 --- [memo-app] [    Test worker] s.w.s.m.m.a.RequestMappingHandlerMapping : 7 mappings in 'requestMappingHandlerMapping'
2025-08-06T23:14:35.731+09:00 DEBUG 30150 --- [memo-app] [    Test worker] o.s.w.s.handler.SimpleUrlHandlerMapping  : Patterns [/webjars/**, /**] in 'resourceHandlerMapping'
2025-08-06T23:14:35.749+09:00 DEBUG 30150 --- [memo-app] [    Test worker] s.w.s.m.m.a.RequestMappingHandlerAdapter : ControllerAdvice beans: 0 @ModelAttribute, 0 @InitBinder, 1 RequestBodyAdvice, 1 ResponseBodyAdvice
2025-08-06T23:14:35.767+09:00 DEBUG 30150 --- [memo-app] [    Test worker] .m.m.a.ExceptionHandlerExceptionResolver : ControllerAdvice beans: 1 @ExceptionHandler, 1 ResponseBodyAdvice
2025-08-06T23:14:35.814+09:00  INFO 30150 --- [memo-app] [    Test worker] memoapp.AppTest                          : Started AppTest in 1.926 seconds (process running for 2.609)
]]></system-out>
  <system-err><![CDATA[WARNING: A Java agent has been loaded dynamically (/Users/voluongbang/.gradle/caches/modules-2/files-2.1/net.bytebuddy/byte-buddy-agent/1.14.11/f9cb566608fbac6bc7bf54901a7aa11543a989ee/byte-buddy-agent-1.14.11.jar)
WARNING: If a serviceability tool is in use, please run with -XX:+EnableDynamicAgentLoading to hide this warning
WARNING: If a serviceability tool is not in use, please run with -Djdk.instrument.traceUsage for more information
WARNING: Dynamic loading of agents will be disallowed by default in a future release
]]></system-err>
</testsuite>
