<?xml version="1.0" encoding="UTF-8"?>
<testsuite name="memoapp.service.MemoServiceTest" tests="18" skipped="0" failures="0" errors="0" timestamp="2025-08-06T14:14:37" hostname="MacBook-Pro-2.local" time="0.101">
  <properties/>
  <testcase name="updateMemo_WhenMemoDoesNotExist_ShouldThrowMemoNotFoundException()" classname="memoapp.service.MemoServiceTest" time="0.081"/>
  <testcase name="createMemo_WithValidMemo_ShouldReturnSavedMemo()" classname="memoapp.service.MemoServiceTest" time="0.002"/>
  <testcase name="getMemoById_WhenMemoDoesNotExist_ShouldThrowMemoNotFoundException()" classname="memoapp.service.MemoServiceTest" time="0.001"/>
  <testcase name="getAllMemos_ShouldReturnAllMemos()" classname="memoapp.service.MemoServiceTest" time="0.001"/>
  <testcase name="updateMemo_WithValidData_ShouldReturnUpdatedMemo()" classname="memoapp.service.MemoServiceTest" time="0.002"/>
  <testcase name="createMemo_WithNullMemo_ShouldThrowMemoValidationException()" classname="memoapp.service.MemoServiceTest" time="0.001"/>
  <testcase name="createMemo_WithEmptyTitle_ShouldThrowMemoValidationException()" classname="memoapp.service.MemoServiceTest" time="0.001"/>
  <testcase name="deleteMemo_WithNullId_ShouldThrowMemoValidationException()" classname="memoapp.service.MemoServiceTest" time="0.001"/>
  <testcase name="memoExists_WhenMemoDoesNotExist_ShouldReturnFalse()" classname="memoapp.service.MemoServiceTest" time="0.001"/>
  <testcase name="getAllMemos_WhenNoMemos_ShouldReturnEmptyList()" classname="memoapp.service.MemoServiceTest" time="0.001"/>
  <testcase name="memoExists_WhenMemoExists_ShouldReturnTrue()" classname="memoapp.service.MemoServiceTest" time="0.0"/>
  <testcase name="getMemoById_WithNullId_ShouldThrowMemoValidationException()" classname="memoapp.service.MemoServiceTest" time="0.001"/>
  <testcase name="deleteMemo_WhenMemoExists_ShouldDeleteMemo()" classname="memoapp.service.MemoServiceTest" time="0.0"/>
  <testcase name="getMemoById_WhenMemoExists_ShouldReturnMemo()" classname="memoapp.service.MemoServiceTest" time="0.001"/>
  <testcase name="getMemoById_WithNegativeId_ShouldThrowMemoValidationException()" classname="memoapp.service.MemoServiceTest" time="0.001"/>
  <testcase name="deleteMemo_WhenMemoDoesNotExist_ShouldThrowMemoNotFoundException()" classname="memoapp.service.MemoServiceTest" time="0.001"/>
  <testcase name="createMemo_WithExcessivelyLongTitle_ShouldThrowMemoValidationException()" classname="memoapp.service.MemoServiceTest" time="0.001"/>
  <testcase name="createMemo_WithNullTitle_ShouldThrowMemoValidationException()" classname="memoapp.service.MemoServiceTest" time="0.001"/>
  <system-out><![CDATA[]]></system-out>
  <system-err><![CDATA[]]></system-err>
</testsuite>
